<?xml version="1.0" encoding="UTF-8"?>
<testsuite name="example.enumTest" tests="1" skipped="0" failures="0" errors="0" timestamp="2021-11-22T07:05:04" hostname="Aaron-MacBookPro.local" time="0.08">
  <properties/>
  <testcase name="enum찾기" classname="example.enumTest" time="0.08"/>
  <system-out><![CDATA[]]></system-out>
  <system-err><![CDATA[]]></system-err>
</testsuite>
